2025-11-17 02:44:31,322 - INFO - Starting full year 2023 data collection...
2025-11-17 02:44:31,323 - INFO - Initialized LAQN API with 8 workers, 3 req/sec
2025-11-17 02:44:31,323 - INFO - Fetching all monitoring sites data...
2025-11-17 02:44:31,614 - INFO - Found 258 monitoring sites
2025-11-17 02:44:31,618 - INFO - Using all 258 available sites
2025-11-17 02:44:31,618 - INFO - Collecting pollutants: ['NO2', 'PM10', 'PM2.5', 'O3']
2025-11-17 02:44:31,618 - INFO - Created 13 date chunks of ~30 days each
2025-11-17 02:44:31,620 - INFO - Total tasks to process: 13416
2025-11-17 02:44:39,109 - ERROR - Error fetching TD0-PM2.5 (2023-01-01 to 2023-01-31): 400 Client Error: Bad Request for url: https://api.erg.ic.ac.uk/AirQuality/Data/SiteSpecies/SiteCode=TD0/SpeciesCode=PM2.5/StartDate=2023-01-01/EndDate=2023-01-31/Json
2025-11-17 02:44:39,136 - ERROR - Error fetching TD0-PM2.5 (2023-04-01 to 2023-05-01): 400 Client Error: Bad Request for url: https://api.erg.ic.ac.uk/AirQuality/Data/SiteSpecies/SiteCode=TD0/SpeciesCode=PM2.5/StartDate=2023-04-01/EndDate=2023-05-01/Json
2025-11-17 02:44:39,491 - ERROR - Error fetching TD0-PM2.5 (2023-01-31 to 2023-03-02): 400 Client Error: Bad Request for url: https://api.erg.ic.ac.uk/AirQuality/Data/SiteSpecies/SiteCode=TD0/SpeciesCode=PM2.5/StartDate=2023-01-31/EndDate=2023-03-02/Json
2025-11-17 02:44:39,779 - ERROR - Error fetching TD0-PM2.5 (2023-03-02 to 2023-04-01): 400 Client Error: Bad Request for url: https://api.erg.ic.ac.uk/AirQuality/Data/SiteSpecies/SiteCode=TD0/SpeciesCode=PM2.5/StartDate=2023-03-02/EndDate=2023-04-01/Json
2025-11-17 02:44:40,206 - ERROR - Error fetching TD0-PM2.5 (2023-06-30 to 2023-07-30): 400 Client Error: Bad Request for url: https://api.erg.ic.ac.uk/AirQuality/Data/SiteSpecies/SiteCode=TD0/SpeciesCode=PM2.5/StartDate=2023-06-30/EndDate=2023-07-30/Json
2025-11-17 02:44:40,245 - ERROR - Error fetching TD0-PM2.5 (2023-05-01 to 2023-05-31): 400 Client Error: Bad Request for url: https://api.erg.ic.ac.uk/AirQuality/Data/SiteSpecies/SiteCode=TD0/SpeciesCode=PM2.5/StartDate=2023-05-01/EndDate=2023-05-31/Json
2025-11-17 02:44:40,421 - ERROR - Error fetching TD0-PM2.5 (2023-05-31 to 2023-06-30): 400 Client Error: Bad Request for url: https://api.erg.ic.ac.uk/AirQuality/Data/SiteSpecies/SiteCode=TD0/SpeciesCode=PM2.5/StartDate=2023-05-31/EndDate=2023-06-30/Json
2025-11-17 02:44:40,664 - ERROR - Error fetching TD0-PM2.5 (2023-07-30 to 2023-08-29): 400 Client Error: Bad Request for url: https://api.erg.ic.ac.uk/AirQuality/Data/SiteSpecies/SiteCode=TD0/SpeciesCode=PM2.5/StartDate=2023-07-30/EndDate=2023-08-29/Json
2025-11-17 02:44:41,257 - ERROR - Error fetching TD0-PM2.5 (2023-10-28 to 2023-11-27): 400 Client Error: Bad Request for url: https://api.erg.ic.ac.uk/AirQuality/Data/SiteSpecies/SiteCode=TD0/SpeciesCode=PM2.5/StartDate=2023-10-28/EndDate=2023-11-27/Json
2025-11-17 02:44:41,258 - ERROR - Error fetching TD0-PM2.5 (2023-08-29 to 2023-09-28): 400 Client Error: Bad Request for url: https://api.erg.ic.ac.uk/AirQuality/Data/SiteSpecies/SiteCode=TD0/SpeciesCode=PM2.5/StartDate=2023-08-29/EndDate=2023-09-28/Json
2025-11-17 02:44:41,449 - ERROR - Error fetching TD0-PM2.5 (2023-11-27 to 2023-12-27): 400 Client Error: Bad Request for url: https://api.erg.ic.ac.uk/AirQuality/Data/SiteSpecies/SiteCode=TD0/SpeciesCode=PM2.5/StartDate=2023-11-27/EndDate=2023-12-27/Json
2025-11-17 02:44:41,531 - ERROR - Error fetching TD0-PM2.5 (2023-09-28 to 2023-10-28): 400 Client Error: Bad Request for url: https://api.erg.ic.ac.uk/AirQuality/Data/SiteSpecies/SiteCode=TD0/SpeciesCode=PM2.5/StartDate=2023-09-28/EndDate=2023-10-28/Json
2025-11-17 02:44:41,981 - ERROR - Error fetching TD0-PM2.5 (2023-12-27 to 2024-01-01): 400 Client Error: Bad Request for url: https://api.erg.ic.ac.uk/AirQuality/Data/SiteSpecies/SiteCode=TD0/SpeciesCode=PM2.5/StartDate=2023-12-27/EndDate=2024-01-01/Json
2025-11-17 02:44:44,768 - INFO - Completed 50/13416 tasks (0.4%)
2025-11-17 02:44:52,114 - ERROR - Error fetching BG3-PM2.5 (2023-01-01 to 2023-01-31): 400 Client Error: Bad Request for url: https://api.erg.ic.ac.uk/AirQuality/Data/SiteSpecies/SiteCode=BG3/SpeciesCode=PM2.5/StartDate=2023-01-01/EndDate=2023-01-31/Json
2025-11-17 02:44:52,547 - ERROR - Error fetching BG3-PM2.5 (2023-04-01 to 2023-05-01): 400 Client Error: Bad Request for url: https://api.erg.ic.ac.uk/AirQuality/Data/SiteSpecies/SiteCode=BG3/SpeciesCode=PM2.5/StartDate=2023-04-01/EndDate=2023-05-01/Json
2025-11-17 02:44:52,593 - ERROR - Error fetching BG3-PM2.5 (2023-01-31 to 2023-03-02): 400 Client Error: Bad Request for url: https://api.erg.ic.ac.uk/AirQuality/Data/SiteSpecies/SiteCode=BG3/SpeciesCode=PM2.5/StartDate=2023-01-31/EndDate=2023-03-02/Json
2025-11-17 02:44:52,658 - ERROR - Error fetching BG3-PM2.5 (2023-03-02 to 2023-04-01): 400 Client Error: Bad Request for url: https://api.erg.ic.ac.uk/AirQuality/Data/SiteSpecies/SiteCode=BG3/SpeciesCode=PM2.5/StartDate=2023-03-02/EndDate=2023-04-01/Json
2025-11-17 02:44:53,150 - ERROR - Error fetching BG3-PM2.5 (2023-05-01 to 2023-05-31): 400 Client Error: Bad Request for url: https://api.erg.ic.ac.uk/AirQuality/Data/SiteSpecies/SiteCode=BG3/SpeciesCode=PM2.5/StartDate=2023-05-01/EndDate=2023-05-31/Json
2025-11-17 02:44:53,520 - ERROR - Error fetching BG3-PM2.5 (2023-05-31 to 2023-06-30): 400 Client Error: Bad Request for url: https://api.erg.ic.ac.uk/AirQuality/Data/SiteSpecies/SiteCode=BG3/SpeciesCode=PM2.5/StartDate=2023-05-31/EndDate=2023-06-30/Json
2025-11-17 02:44:53,537 - ERROR - Error fetching BG3-PM2.5 (2023-07-30 to 2023-08-29): 400 Client Error: Bad Request for url: https://api.erg.ic.ac.uk/AirQuality/Data/SiteSpecies/SiteCode=BG3/SpeciesCode=PM2.5/StartDate=2023-07-30/EndDate=2023-08-29/Json
2025-11-17 02:44:53,628 - ERROR - Error fetching BG3-PM2.5 (2023-06-30 to 2023-07-30): 400 Client Error: Bad Request for url: https://api.erg.ic.ac.uk/AirQuality/Data/SiteSpecies/SiteCode=BG3/SpeciesCode=PM2.5/StartDate=2023-06-30/EndDate=2023-07-30/Json
2025-11-17 02:44:54,263 - ERROR - Error fetching BG3-PM2.5 (2023-08-29 to 2023-09-28): 400 Client Error: Bad Request for url: https://api.erg.ic.ac.uk/AirQuality/Data/SiteSpecies/SiteCode=BG3/SpeciesCode=PM2.5/StartDate=2023-08-29/EndDate=2023-09-28/Json
2025-11-17 02:44:54,395 - ERROR - Error fetching BG3-PM2.5 (2023-11-27 to 2023-12-27): 400 Client Error: Bad Request for url: https://api.erg.ic.ac.uk/AirQuality/Data/SiteSpecies/SiteCode=BG3/SpeciesCode=PM2.5/StartDate=2023-11-27/EndDate=2023-12-27/Json
2025-11-17 02:44:54,751 - ERROR - Error fetching BG3-PM2.5 (2023-09-28 to 2023-10-28): 400 Client Error: Bad Request for url: https://api.erg.ic.ac.uk/AirQuality/Data/SiteSpecies/SiteCode=BG3/SpeciesCode=PM2.5/StartDate=2023-09-28/EndDate=2023-10-28/Json
2025-11-17 02:44:54,751 - ERROR - Error fetching BG3-PM2.5 (2023-10-28 to 2023-11-27): 400 Client Error: Bad Request for url: https://api.erg.ic.ac.uk/AirQuality/Data/SiteSpecies/SiteCode=BG3/SpeciesCode=PM2.5/StartDate=2023-10-28/EndDate=2023-11-27/Json
2025-11-17 02:44:55,185 - ERROR - Error fetching BG3-PM2.5 (2023-12-27 to 2024-01-01): 400 Client Error: Bad Request for url: https://api.erg.ic.ac.uk/AirQuality/Data/SiteSpecies/SiteCode=BG3/SpeciesCode=PM2.5/StartDate=2023-12-27/EndDate=2024-01-01/Json
2025-11-17 02:44:57,749 - INFO - Completed 100/13416 tasks (0.7%)
2025-11-17 02:45:05,425 - ERROR - Error fetching BG1-PM2.5 (2023-01-01 to 2023-01-31): 400 Client Error: Bad Request for url: https://api.erg.ic.ac.uk/AirQuality/Data/SiteSpecies/SiteCode=BG1/SpeciesCode=PM2.5/StartDate=2023-01-01/EndDate=2023-01-31/Json
2025-11-17 02:45:05,465 - ERROR - Error fetching BG1-PM2.5 (2023-04-01 to 2023-05-01): 400 Client Error: Bad Request for url: https://api.erg.ic.ac.uk/AirQuality/Data/SiteSpecies/SiteCode=BG1/SpeciesCode=PM2.5/StartDate=2023-04-01/EndDate=2023-05-01/Json
2025-11-17 02:45:05,643 - ERROR - Error fetching BG1-PM2.5 (2023-01-31 to 2023-03-02): 400 Client Error: Bad Request for url: https://api.erg.ic.ac.uk/AirQuality/Data/SiteSpecies/SiteCode=BG1/SpeciesCode=PM2.5/StartDate=2023-01-31/EndDate=2023-03-02/Json
2025-11-17 02:45:05,800 - ERROR - Error fetching BG1-PM2.5 (2023-03-02 to 2023-04-01): 400 Client Error: Bad Request for url: https://api.erg.ic.ac.uk/AirQuality/Data/SiteSpecies/SiteCode=BG1/SpeciesCode=PM2.5/StartDate=2023-03-02/EndDate=2023-04-01/Json
2025-11-17 02:45:06,204 - ERROR - Error fetching BG1-PM2.5 (2023-05-01 to 2023-05-31): 400 Client Error: Bad Request for url: https://api.erg.ic.ac.uk/AirQuality/Data/SiteSpecies/SiteCode=BG1/SpeciesCode=PM2.5/StartDate=2023-05-01/EndDate=2023-05-31/Json
2025-11-17 02:45:06,591 - ERROR - Error fetching BG1-PM2.5 (2023-06-30 to 2023-07-30): 400 Client Error: Bad Request for url: https://api.erg.ic.ac.uk/AirQuality/Data/SiteSpecies/SiteCode=BG1/SpeciesCode=PM2.5/StartDate=2023-06-30/EndDate=2023-07-30/Json
2025-11-17 02:45:06,923 - ERROR - Error fetching BG1-PM2.5 (2023-05-31 to 2023-06-30): 400 Client Error: Bad Request for url: https://api.erg.ic.ac.uk/AirQuality/Data/SiteSpecies/SiteCode=BG1/SpeciesCode=PM2.5/StartDate=2023-05-31/EndDate=2023-06-30/Json
2025-11-17 02:45:07,003 - ERROR - Error fetching BG1-PM2.5 (2023-07-30 to 2023-08-29): 400 Client Error: Bad Request for url: https://api.erg.ic.ac.uk/AirQuality/Data/SiteSpecies/SiteCode=BG1/SpeciesCode=PM2.5/StartDate=2023-07-30/EndDate=2023-08-29/Json
2025-11-17 02:45:07,371 - ERROR - Error fetching BG1-PM2.5 (2023-08-29 to 2023-09-28): 400 Client Error: Bad Request for url: https://api.erg.ic.ac.uk/AirQuality/Data/SiteSpecies/SiteCode=BG1/SpeciesCode=PM2.5/StartDate=2023-08-29/EndDate=2023-09-28/Json
2025-11-17 02:45:07,704 - ERROR - Error fetching BG1-PM2.5 (2023-10-28 to 2023-11-27): 400 Client Error: Bad Request for url: https://api.erg.ic.ac.uk/AirQuality/Data/SiteSpecies/SiteCode=BG1/SpeciesCode=PM2.5/StartDate=2023-10-28/EndDate=2023-11-27/Json
2025-11-17 02:45:07,748 - ERROR - Error fetching BG1-PM2.5 (2023-09-28 to 2023-10-28): 400 Client Error: Bad Request for url: https://api.erg.ic.ac.uk/AirQuality/Data/SiteSpecies/SiteCode=BG1/SpeciesCode=PM2.5/StartDate=2023-09-28/EndDate=2023-10-28/Json
2025-11-17 02:45:08,005 - ERROR - Error fetching BG1-PM2.5 (2023-11-27 to 2023-12-27): 400 Client Error: Bad Request for url: https://api.erg.ic.ac.uk/AirQuality/Data/SiteSpecies/SiteCode=BG1/SpeciesCode=PM2.5/StartDate=2023-11-27/EndDate=2023-12-27/Json
2025-11-17 02:45:08,292 - ERROR - Error fetching BG1-PM2.5 (2023-12-27 to 2024-01-01): 400 Client Error: Bad Request for url: https://api.erg.ic.ac.uk/AirQuality/Data/SiteSpecies/SiteCode=BG1/SpeciesCode=PM2.5/StartDate=2023-12-27/EndDate=2024-01-01/Json
2025-11-17 02:45:10,088 - INFO - Completed 150/13416 tasks (1.1%)
2025-11-17 02:45:18,530 - ERROR - Error fetching BG2-PM2.5 (2023-01-01 to 2023-01-31): 400 Client Error: Bad Request for url: https://api.erg.ic.ac.uk/AirQuality/Data/SiteSpecies/SiteCode=BG2/SpeciesCode=PM2.5/StartDate=2023-01-01/EndDate=2023-01-31/Json
2025-11-17 02:45:18,566 - ERROR - Error fetching BG2-PM2.5 (2023-01-31 to 2023-03-02): 400 Client Error: Bad Request for url: https://api.erg.ic.ac.uk/AirQuality/Data/SiteSpecies/SiteCode=BG2/SpeciesCode=PM2.5/StartDate=2023-01-31/EndDate=2023-03-02/Json
2025-11-17 02:45:18,728 - ERROR - Error fetching BG2-PM2.5 (2023-03-02 to 2023-04-01): 400 Client Error: Bad Request for url: https://api.erg.ic.ac.uk/AirQuality/Data/SiteSpecies/SiteCode=BG2/SpeciesCode=PM2.5/StartDate=2023-03-02/EndDate=2023-04-01/Json
2025-11-17 02:45:18,891 - ERROR - Error fetching BG2-PM2.5 (2023-04-01 to 2023-05-01): 400 Client Error: Bad Request for url: https://api.erg.ic.ac.uk/AirQuality/Data/SiteSpecies/SiteCode=BG2/SpeciesCode=PM2.5/StartDate=2023-04-01/EndDate=2023-05-01/Json
2025-11-17 02:45:19,552 - ERROR - Error fetching BG2-PM2.5 (2023-05-01 to 2023-05-31): 400 Client Error: Bad Request for url: https://api.erg.ic.ac.uk/AirQuality/Data/SiteSpecies/SiteCode=BG2/SpeciesCode=PM2.5/StartDate=2023-05-01/EndDate=2023-05-31/Json
2025-11-17 02:45:19,680 - ERROR - Error fetching BG2-PM2.5 (2023-05-31 to 2023-06-30): 400 Client Error: Bad Request for url: https://api.erg.ic.ac.uk/AirQuality/Data/SiteSpecies/SiteCode=BG2/SpeciesCode=PM2.5/StartDate=2023-05-31/EndDate=2023-06-30/Json
2025-11-17 02:45:19,729 - ERROR - Error fetching BG2-PM2.5 (2023-06-30 to 2023-07-30): 400 Client Error: Bad Request for url: https://api.erg.ic.ac.uk/AirQuality/Data/SiteSpecies/SiteCode=BG2/SpeciesCode=PM2.5/StartDate=2023-06-30/EndDate=2023-07-30/Json
2025-11-17 02:45:19,810 - ERROR - Error fetching BG2-PM2.5 (2023-07-30 to 2023-08-29): 400 Client Error: Bad Request for url: https://api.erg.ic.ac.uk/AirQuality/Data/SiteSpecies/SiteCode=BG2/SpeciesCode=PM2.5/StartDate=2023-07-30/EndDate=2023-08-29/Json
2025-11-17 02:45:20,634 - ERROR - Error fetching BG2-PM2.5 (2023-08-29 to 2023-09-28): 400 Client Error: Bad Request for url: https://api.erg.ic.ac.uk/AirQuality/Data/SiteSpecies/SiteCode=BG2/SpeciesCode=PM2.5/StartDate=2023-08-29/EndDate=2023-09-28/Json
2025-11-17 02:45:20,657 - ERROR - Error fetching BG2-PM2.5 (2023-10-28 to 2023-11-27): 400 Client Error: Bad Request for url: https://api.erg.ic.ac.uk/AirQuality/Data/SiteSpecies/SiteCode=BG2/SpeciesCode=PM2.5/StartDate=2023-10-28/EndDate=2023-11-27/Json
2025-11-17 02:45:20,665 - ERROR - Error fetching BG2-PM2.5 (2023-11-27 to 2023-12-27): 400 Client Error: Bad Request for url: https://api.erg.ic.ac.uk/AirQuality/Data/SiteSpecies/SiteCode=BG2/SpeciesCode=PM2.5/StartDate=2023-11-27/EndDate=2023-12-27/Json
2025-11-17 02:45:20,730 - ERROR - Error fetching BG2-PM2.5 (2023-09-28 to 2023-10-28): 400 Client Error: Bad Request for url: https://api.erg.ic.ac.uk/AirQuality/Data/SiteSpecies/SiteCode=BG2/SpeciesCode=PM2.5/StartDate=2023-09-28/EndDate=2023-10-28/Json
2025-11-17 02:45:21,407 - ERROR - Error fetching BG2-PM2.5 (2023-12-27 to 2024-01-01): 400 Client Error: Bad Request for url: https://api.erg.ic.ac.uk/AirQuality/Data/SiteSpecies/SiteCode=BG2/SpeciesCode=PM2.5/StartDate=2023-12-27/EndDate=2024-01-01/Json
2025-11-17 02:45:22,891 - INFO - Completed 200/13416 tasks (1.5%)
2025-11-17 02:45:31,613 - ERROR - Error fetching BN2-PM2.5 (2023-01-01 to 2023-01-31): 400 Client Error: Bad Request for url: https://api.erg.ic.ac.uk/AirQuality/Data/SiteSpecies/SiteCode=BN2/SpeciesCode=PM2.5/StartDate=2023-01-01/EndDate=2023-01-31/Json
2025-11-17 02:45:31,765 - ERROR - Error fetching BN2-PM2.5 (2023-01-31 to 2023-03-02): 400 Client Error: Bad Request for url: https://api.erg.ic.ac.uk/AirQuality/Data/SiteSpecies/SiteCode=BN2/SpeciesCode=PM2.5/StartDate=2023-01-31/EndDate=2023-03-02/Json
2025-11-17 02:45:31,767 - ERROR - Error fetching BN2-PM2.5 (2023-04-01 to 2023-05-01): 400 Client Error: Bad Request for url: https://api.erg.ic.ac.uk/AirQuality/Data/SiteSpecies/SiteCode=BN2/SpeciesCode=PM2.5/StartDate=2023-04-01/EndDate=2023-05-01/Json
2025-11-17 02:45:31,801 - ERROR - Error fetching BN2-PM2.5 (2023-03-02 to 2023-04-01): 400 Client Error: Bad Request for url: https://api.erg.ic.ac.uk/AirQuality/Data/SiteSpecies/SiteCode=BN2/SpeciesCode=PM2.5/StartDate=2023-03-02/EndDate=2023-04-01/Json
2025-11-17 02:45:32,562 - ERROR - Error fetching BN2-PM2.5 (2023-05-01 to 2023-05-31): 400 Client Error: Bad Request for url: https://api.erg.ic.ac.uk/AirQuality/Data/SiteSpecies/SiteCode=BN2/SpeciesCode=PM2.5/StartDate=2023-05-01/EndDate=2023-05-31/Json
2025-11-17 02:45:32,736 - ERROR - Error fetching BN2-PM2.5 (2023-05-31 to 2023-06-30): 400 Client Error: Bad Request for url: https://api.erg.ic.ac.uk/AirQuality/Data/SiteSpecies/SiteCode=BN2/SpeciesCode=PM2.5/StartDate=2023-05-31/EndDate=2023-06-30/Json
2025-11-17 02:45:32,807 - ERROR - Error fetching BN2-PM2.5 (2023-06-30 to 2023-07-30): 400 Client Error: Bad Request for url: https://api.erg.ic.ac.uk/AirQuality/Data/SiteSpecies/SiteCode=BN2/SpeciesCode=PM2.5/StartDate=2023-06-30/EndDate=2023-07-30/Json
2025-11-17 02:45:32,935 - ERROR - Error fetching BN2-PM2.5 (2023-07-30 to 2023-08-29): 400 Client Error: Bad Request for url: https://api.erg.ic.ac.uk/AirQuality/Data/SiteSpecies/SiteCode=BN2/SpeciesCode=PM2.5/StartDate=2023-07-30/EndDate=2023-08-29/Json
2025-11-17 02:45:33,482 - ERROR - Error fetching BN2-PM2.5 (2023-08-29 to 2023-09-28): 400 Client Error: Bad Request for url: https://api.erg.ic.ac.uk/AirQuality/Data/SiteSpecies/SiteCode=BN2/SpeciesCode=PM2.5/StartDate=2023-08-29/EndDate=2023-09-28/Json
2025-11-17 02:45:33,722 - ERROR - Error fetching BN2-PM2.5 (2023-09-28 to 2023-10-28): 400 Client Error: Bad Request for url: https://api.erg.ic.ac.uk/AirQuality/Data/SiteSpecies/SiteCode=BN2/SpeciesCode=PM2.5/StartDate=2023-09-28/EndDate=2023-10-28/Json
2025-11-17 02:45:33,854 - ERROR - Error fetching BN2-PM2.5 (2023-10-28 to 2023-11-27): 400 Client Error: Bad Request for url: https://api.erg.ic.ac.uk/AirQuality/Data/SiteSpecies/SiteCode=BN2/SpeciesCode=PM2.5/StartDate=2023-10-28/EndDate=2023-11-27/Json
2025-11-17 02:45:33,926 - ERROR - Error fetching BN2-PM2.5 (2023-11-27 to 2023-12-27): 400 Client Error: Bad Request for url: https://api.erg.ic.ac.uk/AirQuality/Data/SiteSpecies/SiteCode=BN2/SpeciesCode=PM2.5/StartDate=2023-11-27/EndDate=2023-12-27/Json
2025-11-17 02:45:34,386 - ERROR - Error fetching BN2-PM2.5 (2023-12-27 to 2024-01-01): 400 Client Error: Bad Request for url: https://api.erg.ic.ac.uk/AirQuality/Data/SiteSpecies/SiteCode=BN2/SpeciesCode=PM2.5/StartDate=2023-12-27/EndDate=2024-01-01/Json
2025-11-17 02:45:35,063 - INFO - Completed 250/13416 tasks (1.9%)
2025-11-17 02:45:44,596 - ERROR - Error fetching BN3-PM2.5 (2023-01-01 to 2023-01-31): 400 Client Error: Bad Request for url: https://api.erg.ic.ac.uk/AirQuality/Data/SiteSpecies/SiteCode=BN3/SpeciesCode=PM2.5/StartDate=2023-01-01/EndDate=2023-01-31/Json
2025-11-17 02:45:44,788 - ERROR - Error fetching BN3-PM2.5 (2023-03-02 to 2023-04-01): 400 Client Error: Bad Request for url: https://api.erg.ic.ac.uk/AirQuality/Data/SiteSpecies/SiteCode=BN3/SpeciesCode=PM2.5/StartDate=2023-03-02/EndDate=2023-04-01/Json
2025-11-17 02:45:44,795 - ERROR - Error fetching BN3-PM2.5 (2023-04-01 to 2023-05-01): 400 Client Error: Bad Request for url: https://api.erg.ic.ac.uk/AirQuality/Data/SiteSpecies/SiteCode=BN3/SpeciesCode=PM2.5/StartDate=2023-04-01/EndDate=2023-05-01/Json
2025-11-17 02:45:44,899 - ERROR - Error fetching BN3-PM2.5 (2023-01-31 to 2023-03-02): 400 Client Error: Bad Request for url: https://api.erg.ic.ac.uk/AirQuality/Data/SiteSpecies/SiteCode=BN3/SpeciesCode=PM2.5/StartDate=2023-01-31/EndDate=2023-03-02/Json
2025-11-17 02:45:45,671 - ERROR - Error fetching BN3-PM2.5 (2023-05-31 to 2023-06-30): 400 Client Error: Bad Request for url: https://api.erg.ic.ac.uk/AirQuality/Data/SiteSpecies/SiteCode=BN3/SpeciesCode=PM2.5/StartDate=2023-05-31/EndDate=2023-06-30/Json
2025-11-17 02:45:45,737 - ERROR - Error fetching BN3-PM2.5 (2023-05-01 to 2023-05-31): 400 Client Error: Bad Request for url: https://api.erg.ic.ac.uk/AirQuality/Data/SiteSpecies/SiteCode=BN3/SpeciesCode=PM2.5/StartDate=2023-05-01/EndDate=2023-05-31/Json
2025-11-17 02:45:45,822 - ERROR - Error fetching BN3-PM2.5 (2023-06-30 to 2023-07-30): 400 Client Error: Bad Request for url: https://api.erg.ic.ac.uk/AirQuality/Data/SiteSpecies/SiteCode=BN3/SpeciesCode=PM2.5/StartDate=2023-06-30/EndDate=2023-07-30/Json
2025-11-17 02:45:45,917 - ERROR - Error fetching BN3-PM2.5 (2023-07-30 to 2023-08-29): 400 Client Error: Bad Request for url: https://api.erg.ic.ac.uk/AirQuality/Data/SiteSpecies/SiteCode=BN3/SpeciesCode=PM2.5/StartDate=2023-07-30/EndDate=2023-08-29/Json
2025-11-17 02:45:46,517 - ERROR - Error fetching BN3-PM2.5 (2023-08-29 to 2023-09-28): 400 Client Error: Bad Request for url: https://api.erg.ic.ac.uk/AirQuality/Data/SiteSpecies/SiteCode=BN3/SpeciesCode=PM2.5/StartDate=2023-08-29/EndDate=2023-09-28/Json
2025-11-17 02:45:46,551 - ERROR - Error fetching BN3-PM2.5 (2023-09-28 to 2023-10-28): 400 Client Error: Bad Request for url: https://api.erg.ic.ac.uk/AirQuality/Data/SiteSpecies/SiteCode=BN3/SpeciesCode=PM2.5/StartDate=2023-09-28/EndDate=2023-10-28/Json
2025-11-17 02:45:46,621 - ERROR - Error fetching BN3-PM2.5 (2023-11-27 to 2023-12-27): 400 Client Error: Bad Request for url: https://api.erg.ic.ac.uk/AirQuality/Data/SiteSpecies/SiteCode=BN3/SpeciesCode=PM2.5/StartDate=2023-11-27/EndDate=2023-12-27/Json
2025-11-17 02:45:47,005 - ERROR - Error fetching BN3-PM2.5 (2023-10-28 to 2023-11-27): 400 Client Error: Bad Request for url: https://api.erg.ic.ac.uk/AirQuality/Data/SiteSpecies/SiteCode=BN3/SpeciesCode=PM2.5/StartDate=2023-10-28/EndDate=2023-11-27/Json
2025-11-17 02:45:47,103 - ERROR - Error fetching BN3-PM2.5 (2023-12-27 to 2024-01-01): 400 Client Error: Bad Request for url: https://api.erg.ic.ac.uk/AirQuality/Data/SiteSpecies/SiteCode=BN3/SpeciesCode=PM2.5/StartDate=2023-12-27/EndDate=2024-01-01/Json
2025-11-17 02:45:47,704 - INFO - Completed 300/13416 tasks (2.2%)
2025-11-17 02:45:57,659 - ERROR - Error fetching BN1-PM2.5 (2023-01-01 to 2023-01-31): 400 Client Error: Bad Request for url: https://api.erg.ic.ac.uk/AirQuality/Data/SiteSpecies/SiteCode=BN1/SpeciesCode=PM2.5/StartDate=2023-01-01/EndDate=2023-01-31/Json
2025-11-17 02:45:57,901 - ERROR - Error fetching BN1-PM2.5 (2023-01-31 to 2023-03-02): 400 Client Error: Bad Request for url: https://api.erg.ic.ac.uk/AirQuality/Data/SiteSpecies/SiteCode=BN1/SpeciesCode=PM2.5/StartDate=2023-01-31/EndDate=2023-03-02/Json
2025-11-17 02:45:57,997 - ERROR - Error fetching BN1-PM2.5 (2023-03-02 to 2023-04-01): 400 Client Error: Bad Request for url: https://api.erg.ic.ac.uk/AirQuality/Data/SiteSpecies/SiteCode=BN1/SpeciesCode=PM2.5/StartDate=2023-03-02/EndDate=2023-04-01/Json
2025-11-17 02:45:58,054 - ERROR - Error fetching BN1-PM2.5 (2023-04-01 to 2023-05-01): 400 Client Error: Bad Request for url: https://api.erg.ic.ac.uk/AirQuality/Data/SiteSpecies/SiteCode=BN1/SpeciesCode=PM2.5/StartDate=2023-04-01/EndDate=2023-05-01/Json
2025-11-17 02:45:58,672 - ERROR - Error fetching BN1-PM2.5 (2023-05-01 to 2023-05-31): 400 Client Error: Bad Request for url: https://api.erg.ic.ac.uk/AirQuality/Data/SiteSpecies/SiteCode=BN1/SpeciesCode=PM2.5/StartDate=2023-05-01/EndDate=2023-05-31/Json
2025-11-17 02:45:58,839 - ERROR - Error fetching BN1-PM2.5 (2023-06-30 to 2023-07-30): 400 Client Error: Bad Request for url: https://api.erg.ic.ac.uk/AirQuality/Data/SiteSpecies/SiteCode=BN1/SpeciesCode=PM2.5/StartDate=2023-06-30/EndDate=2023-07-30/Json
2025-11-17 02:45:58,864 - ERROR - Error fetching BN1-PM2.5 (2023-05-31 to 2023-06-30): 400 Client Error: Bad Request for url: https://api.erg.ic.ac.uk/AirQuality/Data/SiteSpecies/SiteCode=BN1/SpeciesCode=PM2.5/StartDate=2023-05-31/EndDate=2023-06-30/Json
2025-11-17 02:45:58,953 - ERROR - Error fetching BN1-PM2.5 (2023-07-30 to 2023-08-29): 400 Client Error: Bad Request for url: https://api.erg.ic.ac.uk/AirQuality/Data/SiteSpecies/SiteCode=BN1/SpeciesCode=PM2.5/StartDate=2023-07-30/EndDate=2023-08-29/Json
2025-11-17 02:45:59,611 - ERROR - Error fetching BN1-PM2.5 (2023-08-29 to 2023-09-28): 400 Client Error: Bad Request for url: https://api.erg.ic.ac.uk/AirQuality/Data/SiteSpecies/SiteCode=BN1/SpeciesCode=PM2.5/StartDate=2023-08-29/EndDate=2023-09-28/Json
2025-11-17 02:45:59,635 - ERROR - Error fetching BN1-PM2.5 (2023-09-28 to 2023-10-28): 400 Client Error: Bad Request for url: https://api.erg.ic.ac.uk/AirQuality/Data/SiteSpecies/SiteCode=BN1/SpeciesCode=PM2.5/StartDate=2023-09-28/EndDate=2023-10-28/Json
2025-11-17 02:45:59,874 - ERROR - Error fetching BN1-PM2.5 (2023-10-28 to 2023-11-27): 400 Client Error: Bad Request for url: https://api.erg.ic.ac.uk/AirQuality/Data/SiteSpecies/SiteCode=BN1/SpeciesCode=PM2.5/StartDate=2023-10-28/EndDate=2023-11-27/Json
2025-11-17 02:45:59,881 - ERROR - Error fetching BN1-PM2.5 (2023-11-27 to 2023-12-27): 400 Client Error: Bad Request for url: https://api.erg.ic.ac.uk/AirQuality/Data/SiteSpecies/SiteCode=BN1/SpeciesCode=PM2.5/StartDate=2023-11-27/EndDate=2023-12-27/Json
2025-11-17 02:45:59,882 - INFO - Completed 350/13416 tasks (2.6%)
2025-11-17 02:46:00,334 - ERROR - Error fetching BN1-PM2.5 (2023-12-27 to 2024-01-01): 400 Client Error: Bad Request for url: https://api.erg.ic.ac.uk/AirQuality/Data/SiteSpecies/SiteCode=BN1/SpeciesCode=PM2.5/StartDate=2023-12-27/EndDate=2024-01-01/Json
2025-11-17 02:47:22,753 - INFO - Starting full year 2023 data collection...
2025-11-17 02:47:22,754 - INFO - Initialized LAQN API with 8 workers, 3 req/sec
2025-11-17 02:47:22,754 - INFO - Fetching all monitoring sites data...
2025-11-17 02:47:22,952 - INFO - Found 258 monitoring sites
2025-11-17 02:47:22,957 - INFO - Using all 258 available sites
2025-11-17 02:47:22,957 - INFO - Collecting pollutants: ['NO2', 'PM10', 'PM2.5', 'O3']
2025-11-17 02:47:22,958 - INFO - Created 13 date chunks of ~30 days each
2025-11-17 02:47:22,961 - INFO - Total tasks to process: 13416
2025-11-17 02:47:30,749 - ERROR - Error fetching TD0-PM2.5 (2023-01-01 to 2023-01-31): 404 Client Error: Not Found for url: https://api.erg.ic.ac.uk/AirQuality/Data/SiteSpecies/Json?SiteCode=TD0&SpeciesCode=PM2.5&StartDate=2023-01-01&EndDate=2023-01-31 resp_text=﻿<?xml version="1.0" encoding="utf-8"?>
<!DOCTYPE html PUBLIC "-//W3C//DTD XHTML 1.0 Transitional//EN" "http://www.w3.org/TR/xhtml1/DTD/xhtml1-transitional.dtd">
<html xmlns="http://www.w3.org/1999/xhtml">
  <head>
    <title>Service</title>
    <style>BODY { color: #000000; background-color: white; font-family: Verdana; margin-left: 0px; margin-top: 0px; } #content { margin-left: 30px; font-
2025-11-17 02:47:30,821 - ERROR - Error fetching TD0-PM2.5 (2023-04-01 to 2023-05-01): 404 Client Error: Not Found for url: https://api.erg.ic.ac.uk/AirQuality/Data/SiteSpecies/Json?SiteCode=TD0&SpeciesCode=PM2.5&StartDate=2023-04-01&EndDate=2023-05-01 resp_text=﻿<?xml version="1.0" encoding="utf-8"?>
<!DOCTYPE html PUBLIC "-//W3C//DTD XHTML 1.0 Transitional//EN" "http://www.w3.org/TR/xhtml1/DTD/xhtml1-transitional.dtd">
<html xmlns="http://www.w3.org/1999/xhtml">
  <head>
    <title>Service</title>
    <style>BODY { color: #000000; background-color: white; font-family: Verdana; margin-left: 0px; margin-top: 0px; } #content { margin-left: 30px; font-
2025-11-17 02:47:30,844 - ERROR - Error fetching TD0-PM2.5 (2023-03-02 to 2023-04-01): 404 Client Error: Not Found for url: https://api.erg.ic.ac.uk/AirQuality/Data/SiteSpecies/Json?SiteCode=TD0&SpeciesCode=PM2.5&StartDate=2023-03-02&EndDate=2023-04-01 resp_text=﻿<?xml version="1.0" encoding="utf-8"?>
<!DOCTYPE html PUBLIC "-//W3C//DTD XHTML 1.0 Transitional//EN" "http://www.w3.org/TR/xhtml1/DTD/xhtml1-transitional.dtd">
<html xmlns="http://www.w3.org/1999/xhtml">
  <head>
    <title>Service</title>
    <style>BODY { color: #000000; background-color: white; font-family: Verdana; margin-left: 0px; margin-top: 0px; } #content { margin-left: 30px; font-
2025-11-17 02:47:30,908 - ERROR - Error fetching TD0-PM2.5 (2023-01-31 to 2023-03-02): 404 Client Error: Not Found for url: https://api.erg.ic.ac.uk/AirQuality/Data/SiteSpecies/Json?SiteCode=TD0&SpeciesCode=PM2.5&StartDate=2023-01-31&EndDate=2023-03-02 resp_text=﻿<?xml version="1.0" encoding="utf-8"?>
<!DOCTYPE html PUBLIC "-//W3C//DTD XHTML 1.0 Transitional//EN" "http://www.w3.org/TR/xhtml1/DTD/xhtml1-transitional.dtd">
<html xmlns="http://www.w3.org/1999/xhtml">
  <head>
    <title>Service</title>
    <style>BODY { color: #000000; background-color: white; font-family: Verdana; margin-left: 0px; margin-top: 0px; } #content { margin-left: 30px; font-
2025-11-17 02:47:31,794 - ERROR - Error fetching TD0-PM2.5 (2023-05-01 to 2023-05-31): 404 Client Error: Not Found for url: https://api.erg.ic.ac.uk/AirQuality/Data/SiteSpecies/Json?SiteCode=TD0&SpeciesCode=PM2.5&StartDate=2023-05-01&EndDate=2023-05-31 resp_text=﻿<?xml version="1.0" encoding="utf-8"?>
<!DOCTYPE html PUBLIC "-//W3C//DTD XHTML 1.0 Transitional//EN" "http://www.w3.org/TR/xhtml1/DTD/xhtml1-transitional.dtd">
<html xmlns="http://www.w3.org/1999/xhtml">
  <head>
    <title>Service</title>
    <style>BODY { color: #000000; background-color: white; font-family: Verdana; margin-left: 0px; margin-top: 0px; } #content { margin-left: 30px; font-
2025-11-17 02:47:31,829 - ERROR - Error fetching TD0-PM2.5 (2023-06-30 to 2023-07-30): 404 Client Error: Not Found for url: https://api.erg.ic.ac.uk/AirQuality/Data/SiteSpecies/Json?SiteCode=TD0&SpeciesCode=PM2.5&StartDate=2023-06-30&EndDate=2023-07-30 resp_text=﻿<?xml version="1.0" encoding="utf-8"?>
<!DOCTYPE html PUBLIC "-//W3C//DTD XHTML 1.0 Transitional//EN" "http://www.w3.org/TR/xhtml1/DTD/xhtml1-transitional.dtd">
<html xmlns="http://www.w3.org/1999/xhtml">
  <head>
    <title>Service</title>
    <style>BODY { color: #000000; background-color: white; font-family: Verdana; margin-left: 0px; margin-top: 0px; } #content { margin-left: 30px; font-
2025-11-17 02:47:31,846 - ERROR - Error fetching TD0-PM2.5 (2023-05-31 to 2023-06-30): 404 Client Error: Not Found for url: https://api.erg.ic.ac.uk/AirQuality/Data/SiteSpecies/Json?SiteCode=TD0&SpeciesCode=PM2.5&StartDate=2023-05-31&EndDate=2023-06-30 resp_text=﻿<?xml version="1.0" encoding="utf-8"?>
<!DOCTYPE html PUBLIC "-//W3C//DTD XHTML 1.0 Transitional//EN" "http://www.w3.org/TR/xhtml1/DTD/xhtml1-transitional.dtd">
<html xmlns="http://www.w3.org/1999/xhtml">
  <head>
    <title>Service</title>
    <style>BODY { color: #000000; background-color: white; font-family: Verdana; margin-left: 0px; margin-top: 0px; } #content { margin-left: 30px; font-
2025-11-17 02:47:32,068 - ERROR - Error fetching TD0-PM2.5 (2023-07-30 to 2023-08-29): 404 Client Error: Not Found for url: https://api.erg.ic.ac.uk/AirQuality/Data/SiteSpecies/Json?SiteCode=TD0&SpeciesCode=PM2.5&StartDate=2023-07-30&EndDate=2023-08-29 resp_text=﻿<?xml version="1.0" encoding="utf-8"?>
<!DOCTYPE html PUBLIC "-//W3C//DTD XHTML 1.0 Transitional//EN" "http://www.w3.org/TR/xhtml1/DTD/xhtml1-transitional.dtd">
<html xmlns="http://www.w3.org/1999/xhtml">
  <head>
    <title>Service</title>
    <style>BODY { color: #000000; background-color: white; font-family: Verdana; margin-left: 0px; margin-top: 0px; } #content { margin-left: 30px; font-
2025-11-17 02:47:32,838 - ERROR - Error fetching TD0-PM2.5 (2023-08-29 to 2023-09-28): 404 Client Error: Not Found for url: https://api.erg.ic.ac.uk/AirQuality/Data/SiteSpecies/Json?SiteCode=TD0&SpeciesCode=PM2.5&StartDate=2023-08-29&EndDate=2023-09-28 resp_text=﻿<?xml version="1.0" encoding="utf-8"?>
<!DOCTYPE html PUBLIC "-//W3C//DTD XHTML 1.0 Transitional//EN" "http://www.w3.org/TR/xhtml1/DTD/xhtml1-transitional.dtd">
<html xmlns="http://www.w3.org/1999/xhtml">
  <head>
    <title>Service</title>
    <style>BODY { color: #000000; background-color: white; font-family: Verdana; margin-left: 0px; margin-top: 0px; } #content { margin-left: 30px; font-
2025-11-17 02:47:32,879 - ERROR - Error fetching TD0-PM2.5 (2023-10-28 to 2023-11-27): 404 Client Error: Not Found for url: https://api.erg.ic.ac.uk/AirQuality/Data/SiteSpecies/Json?SiteCode=TD0&SpeciesCode=PM2.5&StartDate=2023-10-28&EndDate=2023-11-27 resp_text=﻿<?xml version="1.0" encoding="utf-8"?>
<!DOCTYPE html PUBLIC "-//W3C//DTD XHTML 1.0 Transitional//EN" "http://www.w3.org/TR/xhtml1/DTD/xhtml1-transitional.dtd">
<html xmlns="http://www.w3.org/1999/xhtml">
  <head>
    <title>Service</title>
    <style>BODY { color: #000000; background-color: white; font-family: Verdana; margin-left: 0px; margin-top: 0px; } #content { margin-left: 30px; font-
2025-11-17 02:47:32,926 - ERROR - Error fetching TD0-PM2.5 (2023-09-28 to 2023-10-28): 404 Client Error: Not Found for url: https://api.erg.ic.ac.uk/AirQuality/Data/SiteSpecies/Json?SiteCode=TD0&SpeciesCode=PM2.5&StartDate=2023-09-28&EndDate=2023-10-28 resp_text=﻿<?xml version="1.0" encoding="utf-8"?>
<!DOCTYPE html PUBLIC "-//W3C//DTD XHTML 1.0 Transitional//EN" "http://www.w3.org/TR/xhtml1/DTD/xhtml1-transitional.dtd">
<html xmlns="http://www.w3.org/1999/xhtml">
  <head>
    <title>Service</title>
    <style>BODY { color: #000000; background-color: white; font-family: Verdana; margin-left: 0px; margin-top: 0px; } #content { margin-left: 30px; font-
2025-11-17 02:47:32,946 - ERROR - Error fetching TD0-PM2.5 (2023-11-27 to 2023-12-27): 404 Client Error: Not Found for url: https://api.erg.ic.ac.uk/AirQuality/Data/SiteSpecies/Json?SiteCode=TD0&SpeciesCode=PM2.5&StartDate=2023-11-27&EndDate=2023-12-27 resp_text=﻿<?xml version="1.0" encoding="utf-8"?>
<!DOCTYPE html PUBLIC "-//W3C//DTD XHTML 1.0 Transitional//EN" "http://www.w3.org/TR/xhtml1/DTD/xhtml1-transitional.dtd">
<html xmlns="http://www.w3.org/1999/xhtml">
  <head>
    <title>Service</title>
    <style>BODY { color: #000000; background-color: white; font-family: Verdana; margin-left: 0px; margin-top: 0px; } #content { margin-left: 30px; font-
2025-11-17 02:47:33,821 - ERROR - Error fetching TD0-PM2.5 (2023-12-27 to 2024-01-01): 404 Client Error: Not Found for url: https://api.erg.ic.ac.uk/AirQuality/Data/SiteSpecies/Json?SiteCode=TD0&SpeciesCode=PM2.5&StartDate=2023-12-27&EndDate=2024-01-01 resp_text=﻿<?xml version="1.0" encoding="utf-8"?>
<!DOCTYPE html PUBLIC "-//W3C//DTD XHTML 1.0 Transitional//EN" "http://www.w3.org/TR/xhtml1/DTD/xhtml1-transitional.dtd">
<html xmlns="http://www.w3.org/1999/xhtml">
  <head>
    <title>Service</title>
    <style>BODY { color: #000000; background-color: white; font-family: Verdana; margin-left: 0px; margin-top: 0px; } #content { margin-left: 30px; font-
2025-11-17 02:47:36,036 - INFO - Completed 50/13416 tasks (0.4%)
2025-11-17 02:47:43,896 - ERROR - Error fetching BG3-PM2.5 (2023-01-01 to 2023-01-31): 404 Client Error: Not Found for url: https://api.erg.ic.ac.uk/AirQuality/Data/SiteSpecies/Json?SiteCode=BG3&SpeciesCode=PM2.5&StartDate=2023-01-01&EndDate=2023-01-31 resp_text=﻿<?xml version="1.0" encoding="utf-8"?>
<!DOCTYPE html PUBLIC "-//W3C//DTD XHTML 1.0 Transitional//EN" "http://www.w3.org/TR/xhtml1/DTD/xhtml1-transitional.dtd">
<html xmlns="http://www.w3.org/1999/xhtml">
  <head>
    <title>Service</title>
    <style>BODY { color: #000000; background-color: white; font-family: Verdana; margin-left: 0px; margin-top: 0px; } #content { margin-left: 30px; font-
2025-11-17 02:47:43,916 - ERROR - Error fetching BG3-PM2.5 (2023-03-02 to 2023-04-01): 404 Client Error: Not Found for url: https://api.erg.ic.ac.uk/AirQuality/Data/SiteSpecies/Json?SiteCode=BG3&SpeciesCode=PM2.5&StartDate=2023-03-02&EndDate=2023-04-01 resp_text=﻿<?xml version="1.0" encoding="utf-8"?>
<!DOCTYPE html PUBLIC "-//W3C//DTD XHTML 1.0 Transitional//EN" "http://www.w3.org/TR/xhtml1/DTD/xhtml1-transitional.dtd">
<html xmlns="http://www.w3.org/1999/xhtml">
  <head>
    <title>Service</title>
    <style>BODY { color: #000000; background-color: white; font-family: Verdana; margin-left: 0px; margin-top: 0px; } #content { margin-left: 30px; font-
2025-11-17 02:47:43,971 - ERROR - Error fetching BG3-PM2.5 (2023-01-31 to 2023-03-02): 404 Client Error: Not Found for url: https://api.erg.ic.ac.uk/AirQuality/Data/SiteSpecies/Json?SiteCode=BG3&SpeciesCode=PM2.5&StartDate=2023-01-31&EndDate=2023-03-02 resp_text=﻿<?xml version="1.0" encoding="utf-8"?>
<!DOCTYPE html PUBLIC "-//W3C//DTD XHTML 1.0 Transitional//EN" "http://www.w3.org/TR/xhtml1/DTD/xhtml1-transitional.dtd">
<html xmlns="http://www.w3.org/1999/xhtml">
  <head>
    <title>Service</title>
    <style>BODY { color: #000000; background-color: white; font-family: Verdana; margin-left: 0px; margin-top: 0px; } #content { margin-left: 30px; font-
2025-11-17 02:47:44,085 - ERROR - Error fetching BG3-PM2.5 (2023-04-01 to 2023-05-01): 404 Client Error: Not Found for url: https://api.erg.ic.ac.uk/AirQuality/Data/SiteSpecies/Json?SiteCode=BG3&SpeciesCode=PM2.5&StartDate=2023-04-01&EndDate=2023-05-01 resp_text=﻿<?xml version="1.0" encoding="utf-8"?>
<!DOCTYPE html PUBLIC "-//W3C//DTD XHTML 1.0 Transitional//EN" "http://www.w3.org/TR/xhtml1/DTD/xhtml1-transitional.dtd">
<html xmlns="http://www.w3.org/1999/xhtml">
  <head>
    <title>Service</title>
    <style>BODY { color: #000000; background-color: white; font-family: Verdana; margin-left: 0px; margin-top: 0px; } #content { margin-left: 30px; font-
2025-11-17 02:47:44,910 - ERROR - Error fetching BG3-PM2.5 (2023-05-01 to 2023-05-31): 404 Client Error: Not Found for url: https://api.erg.ic.ac.uk/AirQuality/Data/SiteSpecies/Json?SiteCode=BG3&SpeciesCode=PM2.5&StartDate=2023-05-01&EndDate=2023-05-31 resp_text=﻿<?xml version="1.0" encoding="utf-8"?>
<!DOCTYPE html PUBLIC "-//W3C//DTD XHTML 1.0 Transitional//EN" "http://www.w3.org/TR/xhtml1/DTD/xhtml1-transitional.dtd">
<html xmlns="http://www.w3.org/1999/xhtml">
  <head>
    <title>Service</title>
    <style>BODY { color: #000000; background-color: white; font-family: Verdana; margin-left: 0px; margin-top: 0px; } #content { margin-left: 30px; font-
2025-11-17 02:47:44,937 - ERROR - Error fetching BG3-PM2.5 (2023-07-30 to 2023-08-29): 404 Client Error: Not Found for url: https://api.erg.ic.ac.uk/AirQuality/Data/SiteSpecies/Json?SiteCode=BG3&SpeciesCode=PM2.5&StartDate=2023-07-30&EndDate=2023-08-29 resp_text=﻿<?xml version="1.0" encoding="utf-8"?>
<!DOCTYPE html PUBLIC "-//W3C//DTD XHTML 1.0 Transitional//EN" "http://www.w3.org/TR/xhtml1/DTD/xhtml1-transitional.dtd">
<html xmlns="http://www.w3.org/1999/xhtml">
  <head>
    <title>Service</title>
    <style>BODY { color: #000000; background-color: white; font-family: Verdana; margin-left: 0px; margin-top: 0px; } #content { margin-left: 30px; font-
2025-11-17 02:47:45,035 - ERROR - Error fetching BG3-PM2.5 (2023-06-30 to 2023-07-30): 404 Client Error: Not Found for url: https://api.erg.ic.ac.uk/AirQuality/Data/SiteSpecies/Json?SiteCode=BG3&SpeciesCode=PM2.5&StartDate=2023-06-30&EndDate=2023-07-30 resp_text=﻿<?xml version="1.0" encoding="utf-8"?>
<!DOCTYPE html PUBLIC "-//W3C//DTD XHTML 1.0 Transitional//EN" "http://www.w3.org/TR/xhtml1/DTD/xhtml1-transitional.dtd">
<html xmlns="http://www.w3.org/1999/xhtml">
  <head>
    <title>Service</title>
    <style>BODY { color: #000000; background-color: white; font-family: Verdana; margin-left: 0px; margin-top: 0px; } #content { margin-left: 30px; font-
2025-11-17 02:47:45,036 - ERROR - Error fetching BG3-PM2.5 (2023-05-31 to 2023-06-30): 404 Client Error: Not Found for url: https://api.erg.ic.ac.uk/AirQuality/Data/SiteSpecies/Json?SiteCode=BG3&SpeciesCode=PM2.5&StartDate=2023-05-31&EndDate=2023-06-30 resp_text=﻿<?xml version="1.0" encoding="utf-8"?>
<!DOCTYPE html PUBLIC "-//W3C//DTD XHTML 1.0 Transitional//EN" "http://www.w3.org/TR/xhtml1/DTD/xhtml1-transitional.dtd">
<html xmlns="http://www.w3.org/1999/xhtml">
  <head>
    <title>Service</title>
    <style>BODY { color: #000000; background-color: white; font-family: Verdana; margin-left: 0px; margin-top: 0px; } #content { margin-left: 30px; font-
2025-11-17 02:47:45,570 - ERROR - Error fetching BG3-PM2.5 (2023-08-29 to 2023-09-28): 404 Client Error: Not Found for url: https://api.erg.ic.ac.uk/AirQuality/Data/SiteSpecies/Json?SiteCode=BG3&SpeciesCode=PM2.5&StartDate=2023-08-29&EndDate=2023-09-28 resp_text=﻿<?xml version="1.0" encoding="utf-8"?>
<!DOCTYPE html PUBLIC "-//W3C//DTD XHTML 1.0 Transitional//EN" "http://www.w3.org/TR/xhtml1/DTD/xhtml1-transitional.dtd">
<html xmlns="http://www.w3.org/1999/xhtml">
  <head>
    <title>Service</title>
    <style>BODY { color: #000000; background-color: white; font-family: Verdana; margin-left: 0px; margin-top: 0px; } #content { margin-left: 30px; font-
2025-11-17 02:47:46,009 - ERROR - Error fetching BG3-PM2.5 (2023-10-28 to 2023-11-27): 404 Client Error: Not Found for url: https://api.erg.ic.ac.uk/AirQuality/Data/SiteSpecies/Json?SiteCode=BG3&SpeciesCode=PM2.5&StartDate=2023-10-28&EndDate=2023-11-27 resp_text=﻿<?xml version="1.0" encoding="utf-8"?>
<!DOCTYPE html PUBLIC "-//W3C//DTD XHTML 1.0 Transitional//EN" "http://www.w3.org/TR/xhtml1/DTD/xhtml1-transitional.dtd">
<html xmlns="http://www.w3.org/1999/xhtml">
  <head>
    <title>Service</title>
    <style>BODY { color: #000000; background-color: white; font-family: Verdana; margin-left: 0px; margin-top: 0px; } #content { margin-left: 30px; font-
2025-11-17 02:47:46,089 - ERROR - Error fetching BG3-PM2.5 (2023-09-28 to 2023-10-28): 404 Client Error: Not Found for url: https://api.erg.ic.ac.uk/AirQuality/Data/SiteSpecies/Json?SiteCode=BG3&SpeciesCode=PM2.5&StartDate=2023-09-28&EndDate=2023-10-28 resp_text=﻿<?xml version="1.0" encoding="utf-8"?>
<!DOCTYPE html PUBLIC "-//W3C//DTD XHTML 1.0 Transitional//EN" "http://www.w3.org/TR/xhtml1/DTD/xhtml1-transitional.dtd">
<html xmlns="http://www.w3.org/1999/xhtml">
  <head>
    <title>Service</title>
    <style>BODY { color: #000000; background-color: white; font-family: Verdana; margin-left: 0px; margin-top: 0px; } #content { margin-left: 30px; font-
2025-11-17 02:47:46,134 - ERROR - Error fetching BG3-PM2.5 (2023-11-27 to 2023-12-27): 404 Client Error: Not Found for url: https://api.erg.ic.ac.uk/AirQuality/Data/SiteSpecies/Json?SiteCode=BG3&SpeciesCode=PM2.5&StartDate=2023-11-27&EndDate=2023-12-27 resp_text=﻿<?xml version="1.0" encoding="utf-8"?>
<!DOCTYPE html PUBLIC "-//W3C//DTD XHTML 1.0 Transitional//EN" "http://www.w3.org/TR/xhtml1/DTD/xhtml1-transitional.dtd">
<html xmlns="http://www.w3.org/1999/xhtml">
  <head>
    <title>Service</title>
    <style>BODY { color: #000000; background-color: white; font-family: Verdana; margin-left: 0px; margin-top: 0px; } #content { margin-left: 30px; font-
2025-11-17 02:47:46,925 - ERROR - Error fetching BG3-PM2.5 (2023-12-27 to 2024-01-01): 404 Client Error: Not Found for url: https://api.erg.ic.ac.uk/AirQuality/Data/SiteSpecies/Json?SiteCode=BG3&SpeciesCode=PM2.5&StartDate=2023-12-27&EndDate=2024-01-01 resp_text=﻿<?xml version="1.0" encoding="utf-8"?>
<!DOCTYPE html PUBLIC "-//W3C//DTD XHTML 1.0 Transitional//EN" "http://www.w3.org/TR/xhtml1/DTD/xhtml1-transitional.dtd">
<html xmlns="http://www.w3.org/1999/xhtml">
  <head>
    <title>Service</title>
    <style>BODY { color: #000000; background-color: white; font-family: Verdana; margin-left: 0px; margin-top: 0px; } #content { margin-left: 30px; font-
2025-11-17 02:47:49,139 - INFO - Completed 100/13416 tasks (0.7%)
2025-11-17 02:47:56,614 - ERROR - Error fetching BG1-PM2.5 (2023-01-01 to 2023-01-31): 404 Client Error: Not Found for url: https://api.erg.ic.ac.uk/AirQuality/Data/SiteSpecies/Json?SiteCode=BG1&SpeciesCode=PM2.5&StartDate=2023-01-01&EndDate=2023-01-31 resp_text=﻿<?xml version="1.0" encoding="utf-8"?>
<!DOCTYPE html PUBLIC "-//W3C//DTD XHTML 1.0 Transitional//EN" "http://www.w3.org/TR/xhtml1/DTD/xhtml1-transitional.dtd">
<html xmlns="http://www.w3.org/1999/xhtml">
  <head>
    <title>Service</title>
    <style>BODY { color: #000000; background-color: white; font-family: Verdana; margin-left: 0px; margin-top: 0px; } #content { margin-left: 30px; font-
2025-11-17 02:47:56,746 - ERROR - Error fetching BG1-PM2.5 (2023-03-02 to 2023-04-01): 404 Client Error: Not Found for url: https://api.erg.ic.ac.uk/AirQuality/Data/SiteSpecies/Json?SiteCode=BG1&SpeciesCode=PM2.5&StartDate=2023-03-02&EndDate=2023-04-01 resp_text=﻿<?xml version="1.0" encoding="utf-8"?>
<!DOCTYPE html PUBLIC "-//W3C//DTD XHTML 1.0 Transitional//EN" "http://www.w3.org/TR/xhtml1/DTD/xhtml1-transitional.dtd">
<html xmlns="http://www.w3.org/1999/xhtml">
  <head>
    <title>Service</title>
    <style>BODY { color: #000000; background-color: white; font-family: Verdana; margin-left: 0px; margin-top: 0px; } #content { margin-left: 30px; font-
2025-11-17 02:47:56,747 - ERROR - Error fetching BG1-PM2.5 (2023-04-01 to 2023-05-01): 404 Client Error: Not Found for url: https://api.erg.ic.ac.uk/AirQuality/Data/SiteSpecies/Json?SiteCode=BG1&SpeciesCode=PM2.5&StartDate=2023-04-01&EndDate=2023-05-01 resp_text=﻿<?xml version="1.0" encoding="utf-8"?>
<!DOCTYPE html PUBLIC "-//W3C//DTD XHTML 1.0 Transitional//EN" "http://www.w3.org/TR/xhtml1/DTD/xhtml1-transitional.dtd">
<html xmlns="http://www.w3.org/1999/xhtml">
  <head>
    <title>Service</title>
    <style>BODY { color: #000000; background-color: white; font-family: Verdana; margin-left: 0px; margin-top: 0px; } #content { margin-left: 30px; font-
2025-11-17 02:47:56,786 - ERROR - Error fetching BG1-PM2.5 (2023-01-31 to 2023-03-02): 404 Client Error: Not Found for url: https://api.erg.ic.ac.uk/AirQuality/Data/SiteSpecies/Json?SiteCode=BG1&SpeciesCode=PM2.5&StartDate=2023-01-31&EndDate=2023-03-02 resp_text=﻿<?xml version="1.0" encoding="utf-8"?>
<!DOCTYPE html PUBLIC "-//W3C//DTD XHTML 1.0 Transitional//EN" "http://www.w3.org/TR/xhtml1/DTD/xhtml1-transitional.dtd">
<html xmlns="http://www.w3.org/1999/xhtml">
  <head>
    <title>Service</title>
    <style>BODY { color: #000000; background-color: white; font-family: Verdana; margin-left: 0px; margin-top: 0px; } #content { margin-left: 30px; font-
2025-11-17 02:47:57,573 - ERROR - Error fetching BG1-PM2.5 (2023-05-31 to 2023-06-30): 404 Client Error: Not Found for url: https://api.erg.ic.ac.uk/AirQuality/Data/SiteSpecies/Json?SiteCode=BG1&SpeciesCode=PM2.5&StartDate=2023-05-31&EndDate=2023-06-30 resp_text=﻿<?xml version="1.0" encoding="utf-8"?>
<!DOCTYPE html PUBLIC "-//W3C//DTD XHTML 1.0 Transitional//EN" "http://www.w3.org/TR/xhtml1/DTD/xhtml1-transitional.dtd">
<html xmlns="http://www.w3.org/1999/xhtml">
  <head>
    <title>Service</title>
    <style>BODY { color: #000000; background-color: white; font-family: Verdana; margin-left: 0px; margin-top: 0px; } #content { margin-left: 30px; font-
2025-11-17 02:47:57,798 - ERROR - Error fetching BG1-PM2.5 (2023-05-01 to 2023-05-31): 404 Client Error: Not Found for url: https://api.erg.ic.ac.uk/AirQuality/Data/SiteSpecies/Json?SiteCode=BG1&SpeciesCode=PM2.5&StartDate=2023-05-01&EndDate=2023-05-31 resp_text=﻿<?xml version="1.0" encoding="utf-8"?>
<!DOCTYPE html PUBLIC "-//W3C//DTD XHTML 1.0 Transitional//EN" "http://www.w3.org/TR/xhtml1/DTD/xhtml1-transitional.dtd">
<html xmlns="http://www.w3.org/1999/xhtml">
  <head>
    <title>Service</title>
    <style>BODY { color: #000000; background-color: white; font-family: Verdana; margin-left: 0px; margin-top: 0px; } #content { margin-left: 30px; font-
2025-11-17 02:47:57,799 - ERROR - Error fetching BG1-PM2.5 (2023-07-30 to 2023-08-29): 404 Client Error: Not Found for url: https://api.erg.ic.ac.uk/AirQuality/Data/SiteSpecies/Json?SiteCode=BG1&SpeciesCode=PM2.5&StartDate=2023-07-30&EndDate=2023-08-29 resp_text=﻿<?xml version="1.0" encoding="utf-8"?>
<!DOCTYPE html PUBLIC "-//W3C//DTD XHTML 1.0 Transitional//EN" "http://www.w3.org/TR/xhtml1/DTD/xhtml1-transitional.dtd">
<html xmlns="http://www.w3.org/1999/xhtml">
  <head>
    <title>Service</title>
    <style>BODY { color: #000000; background-color: white; font-family: Verdana; margin-left: 0px; margin-top: 0px; } #content { margin-left: 30px; font-
2025-11-17 02:47:57,803 - ERROR - Error fetching BG1-PM2.5 (2023-06-30 to 2023-07-30): 404 Client Error: Not Found for url: https://api.erg.ic.ac.uk/AirQuality/Data/SiteSpecies/Json?SiteCode=BG1&SpeciesCode=PM2.5&StartDate=2023-06-30&EndDate=2023-07-30 resp_text=﻿<?xml version="1.0" encoding="utf-8"?>
<!DOCTYPE html PUBLIC "-//W3C//DTD XHTML 1.0 Transitional//EN" "http://www.w3.org/TR/xhtml1/DTD/xhtml1-transitional.dtd">
<html xmlns="http://www.w3.org/1999/xhtml">
  <head>
    <title>Service</title>
    <style>BODY { color: #000000; background-color: white; font-family: Verdana; margin-left: 0px; margin-top: 0px; } #content { margin-left: 30px; font-
2025-11-17 02:47:58,799 - ERROR - Error fetching BG1-PM2.5 (2023-08-29 to 2023-09-28): 404 Client Error: Not Found for url: https://api.erg.ic.ac.uk/AirQuality/Data/SiteSpecies/Json?SiteCode=BG1&SpeciesCode=PM2.5&StartDate=2023-08-29&EndDate=2023-09-28 resp_text=﻿<?xml version="1.0" encoding="utf-8"?>
<!DOCTYPE html PUBLIC "-//W3C//DTD XHTML 1.0 Transitional//EN" "http://www.w3.org/TR/xhtml1/DTD/xhtml1-transitional.dtd">
<html xmlns="http://www.w3.org/1999/xhtml">
  <head>
    <title>Service</title>
    <style>BODY { color: #000000; background-color: white; font-family: Verdana; margin-left: 0px; margin-top: 0px; } #content { margin-left: 30px; font-
2025-11-17 02:47:58,864 - ERROR - Error fetching BG1-PM2.5 (2023-09-28 to 2023-10-28): 404 Client Error: Not Found for url: https://api.erg.ic.ac.uk/AirQuality/Data/SiteSpecies/Json?SiteCode=BG1&SpeciesCode=PM2.5&StartDate=2023-09-28&EndDate=2023-10-28 resp_text=﻿<?xml version="1.0" encoding="utf-8"?>
<!DOCTYPE html PUBLIC "-//W3C//DTD XHTML 1.0 Transitional//EN" "http://www.w3.org/TR/xhtml1/DTD/xhtml1-transitional.dtd">
<html xmlns="http://www.w3.org/1999/xhtml">
  <head>
    <title>Service</title>
    <style>BODY { color: #000000; background-color: white; font-family: Verdana; margin-left: 0px; margin-top: 0px; } #content { margin-left: 30px; font-
2025-11-17 02:47:58,866 - ERROR - Error fetching BG1-PM2.5 (2023-11-27 to 2023-12-27): 404 Client Error: Not Found for url: https://api.erg.ic.ac.uk/AirQuality/Data/SiteSpecies/Json?SiteCode=BG1&SpeciesCode=PM2.5&StartDate=2023-11-27&EndDate=2023-12-27 resp_text=﻿<?xml version="1.0" encoding="utf-8"?>
<!DOCTYPE html PUBLIC "-//W3C//DTD XHTML 1.0 Transitional//EN" "http://www.w3.org/TR/xhtml1/DTD/xhtml1-transitional.dtd">
<html xmlns="http://www.w3.org/1999/xhtml">
  <head>
    <title>Service</title>
    <style>BODY { color: #000000; background-color: white; font-family: Verdana; margin-left: 0px; margin-top: 0px; } #content { margin-left: 30px; font-
2025-11-17 02:47:58,930 - ERROR - Error fetching BG1-PM2.5 (2023-10-28 to 2023-11-27): 404 Client Error: Not Found for url: https://api.erg.ic.ac.uk/AirQuality/Data/SiteSpecies/Json?SiteCode=BG1&SpeciesCode=PM2.5&StartDate=2023-10-28&EndDate=2023-11-27 resp_text=﻿<?xml version="1.0" encoding="utf-8"?>
<!DOCTYPE html PUBLIC "-//W3C//DTD XHTML 1.0 Transitional//EN" "http://www.w3.org/TR/xhtml1/DTD/xhtml1-transitional.dtd">
<html xmlns="http://www.w3.org/1999/xhtml">
  <head>
    <title>Service</title>
    <style>BODY { color: #000000; background-color: white; font-family: Verdana; margin-left: 0px; margin-top: 0px; } #content { margin-left: 30px; font-
2025-11-17 02:47:59,825 - ERROR - Error fetching BG1-PM2.5 (2023-12-27 to 2024-01-01): 404 Client Error: Not Found for url: https://api.erg.ic.ac.uk/AirQuality/Data/SiteSpecies/Json?SiteCode=BG1&SpeciesCode=PM2.5&StartDate=2023-12-27&EndDate=2024-01-01 resp_text=﻿<?xml version="1.0" encoding="utf-8"?>
<!DOCTYPE html PUBLIC "-//W3C//DTD XHTML 1.0 Transitional//EN" "http://www.w3.org/TR/xhtml1/DTD/xhtml1-transitional.dtd">
<html xmlns="http://www.w3.org/1999/xhtml">
  <head>
    <title>Service</title>
    <style>BODY { color: #000000; background-color: white; font-family: Verdana; margin-left: 0px; margin-top: 0px; } #content { margin-left: 30px; font-
2025-11-17 02:48:01,130 - INFO - Completed 150/13416 tasks (1.1%)
2025-11-17 02:48:10,037 - ERROR - Error fetching BG2-PM2.5 (2023-01-31 to 2023-03-02): 404 Client Error: Not Found for url: https://api.erg.ic.ac.uk/AirQuality/Data/SiteSpecies/Json?SiteCode=BG2&SpeciesCode=PM2.5&StartDate=2023-01-31&EndDate=2023-03-02 resp_text=﻿<?xml version="1.0" encoding="utf-8"?>
<!DOCTYPE html PUBLIC "-//W3C//DTD XHTML 1.0 Transitional//EN" "http://www.w3.org/TR/xhtml1/DTD/xhtml1-transitional.dtd">
<html xmlns="http://www.w3.org/1999/xhtml">
  <head>
    <title>Service</title>
    <style>BODY { color: #000000; background-color: white; font-family: Verdana; margin-left: 0px; margin-top: 0px; } #content { margin-left: 30px; font-
2025-11-17 02:48:10,052 - ERROR - Error fetching BG2-PM2.5 (2023-01-01 to 2023-01-31): 404 Client Error: Not Found for url: https://api.erg.ic.ac.uk/AirQuality/Data/SiteSpecies/Json?SiteCode=BG2&SpeciesCode=PM2.5&StartDate=2023-01-01&EndDate=2023-01-31 resp_text=﻿<?xml version="1.0" encoding="utf-8"?>
<!DOCTYPE html PUBLIC "-//W3C//DTD XHTML 1.0 Transitional//EN" "http://www.w3.org/TR/xhtml1/DTD/xhtml1-transitional.dtd">
<html xmlns="http://www.w3.org/1999/xhtml">
  <head>
    <title>Service</title>
    <style>BODY { color: #000000; background-color: white; font-family: Verdana; margin-left: 0px; margin-top: 0px; } #content { margin-left: 30px; font-
2025-11-17 02:48:10,197 - ERROR - Error fetching BG2-PM2.5 (2023-03-02 to 2023-04-01): 404 Client Error: Not Found for url: https://api.erg.ic.ac.uk/AirQuality/Data/SiteSpecies/Json?SiteCode=BG2&SpeciesCode=PM2.5&StartDate=2023-03-02&EndDate=2023-04-01 resp_text=﻿<?xml version="1.0" encoding="utf-8"?>
<!DOCTYPE html PUBLIC "-//W3C//DTD XHTML 1.0 Transitional//EN" "http://www.w3.org/TR/xhtml1/DTD/xhtml1-transitional.dtd">
<html xmlns="http://www.w3.org/1999/xhtml">
  <head>
    <title>Service</title>
    <style>BODY { color: #000000; background-color: white; font-family: Verdana; margin-left: 0px; margin-top: 0px; } #content { margin-left: 30px; font-
2025-11-17 02:48:10,303 - ERROR - Error fetching BG2-PM2.5 (2023-04-01 to 2023-05-01): 404 Client Error: Not Found for url: https://api.erg.ic.ac.uk/AirQuality/Data/SiteSpecies/Json?SiteCode=BG2&SpeciesCode=PM2.5&StartDate=2023-04-01&EndDate=2023-05-01 resp_text=﻿<?xml version="1.0" encoding="utf-8"?>
<!DOCTYPE html PUBLIC "-//W3C//DTD XHTML 1.0 Transitional//EN" "http://www.w3.org/TR/xhtml1/DTD/xhtml1-transitional.dtd">
<html xmlns="http://www.w3.org/1999/xhtml">
  <head>
    <title>Service</title>
    <style>BODY { color: #000000; background-color: white; font-family: Verdana; margin-left: 0px; margin-top: 0px; } #content { margin-left: 30px; font-
2025-11-17 02:49:14,205 - INFO - Starting full year 2023 data collection...
2025-11-17 02:49:14,205 - INFO - Initialized LAQN API with 4 workers, 3 req/sec
2025-11-17 02:49:14,205 - INFO - Fetching all monitoring sites data...
2025-11-17 02:49:14,415 - INFO - Found 258 monitoring sites
2025-11-17 02:49:14,419 - INFO - Using all 258 available sites
2025-11-17 02:49:14,419 - INFO - Collecting pollutants: ['NO2', 'PM10', 'O3']
2025-11-17 02:49:14,419 - INFO - Created 13 date chunks of ~30 days each
2025-11-17 02:49:14,421 - INFO - Total tasks to process: 10062
2025-11-17 02:49:29,412 - INFO - Completed 50/10062 tasks (0.5%)
2025-11-17 02:49:45,052 - INFO - Completed 100/10062 tasks (1.0%)
2025-11-17 02:50:01,260 - INFO - Completed 150/10062 tasks (1.5%)
2025-11-17 02:50:16,000 - INFO - Completed 200/10062 tasks (2.0%)
2025-11-17 02:50:30,824 - INFO - Completed 250/10062 tasks (2.5%)
2025-11-17 02:50:45,304 - INFO - Completed 300/10062 tasks (3.0%)
2025-11-17 02:51:01,328 - INFO - Completed 350/10062 tasks (3.5%)
2025-11-17 02:51:17,558 - INFO - Completed 400/10062 tasks (4.0%)
2025-11-17 02:51:33,120 - INFO - Completed 450/10062 tasks (4.5%)
2025-11-17 02:51:54,686 - INFO - Completed 500/10062 tasks (5.0%)
2025-11-17 02:52:10,324 - INFO - Completed 550/10062 tasks (5.5%)
2025-11-17 02:52:26,099 - INFO - Completed 600/10062 tasks (6.0%)
2025-11-17 02:52:42,467 - INFO - Completed 650/10062 tasks (6.5%)
2025-11-17 02:52:58,360 - INFO - Completed 700/10062 tasks (7.0%)
2025-11-17 02:53:19,990 - INFO - Completed 750/10062 tasks (7.5%)
2025-11-17 02:53:34,498 - INFO - Completed 800/10062 tasks (8.0%)
2025-11-17 02:53:49,015 - INFO - Completed 850/10062 tasks (8.4%)
2025-11-17 02:54:03,725 - INFO - Completed 900/10062 tasks (8.9%)
2025-11-17 02:54:18,154 - INFO - Completed 950/10062 tasks (9.4%)
2025-11-17 02:54:32,502 - INFO - Completed 1000/10062 tasks (9.9%)
2025-11-17 02:54:47,375 - INFO - Completed 1050/10062 tasks (10.4%)
2025-11-17 02:55:02,326 - INFO - Completed 1100/10062 tasks (10.9%)
2025-11-17 02:55:17,245 - INFO - Completed 1150/10062 tasks (11.4%)
2025-11-17 02:55:32,574 - INFO - Completed 1200/10062 tasks (11.9%)
2025-11-17 02:55:46,823 - INFO - Completed 1250/10062 tasks (12.4%)
2025-11-17 02:56:01,344 - INFO - Completed 1300/10062 tasks (12.9%)
2025-11-17 02:56:16,577 - INFO - Completed 1350/10062 tasks (13.4%)
2025-11-17 02:56:31,684 - INFO - Completed 1400/10062 tasks (13.9%)
2025-11-17 02:56:45,528 - INFO - Completed 1450/10062 tasks (14.4%)
2025-11-17 02:57:00,199 - INFO - Completed 1500/10062 tasks (14.9%)
2025-11-17 02:57:14,940 - INFO - Completed 1550/10062 tasks (15.4%)
2025-11-17 02:57:29,383 - INFO - Completed 1600/10062 tasks (15.9%)
2025-11-17 02:57:42,849 - INFO - Completed 1650/10062 tasks (16.4%)
2025-11-17 02:57:56,697 - INFO - Completed 1700/10062 tasks (16.9%)
2025-11-17 02:58:11,977 - INFO - Completed 1750/10062 tasks (17.4%)
2025-11-17 02:58:27,599 - INFO - Completed 1800/10062 tasks (17.9%)
2025-11-17 02:58:42,800 - INFO - Completed 1850/10062 tasks (18.4%)
2025-11-17 02:58:57,380 - INFO - Completed 1900/10062 tasks (18.9%)
2025-11-17 02:59:11,433 - INFO - Completed 1950/10062 tasks (19.4%)
2025-11-17 02:59:26,813 - INFO - Completed 2000/10062 tasks (19.9%)
2025-11-17 02:59:41,126 - INFO - Completed 2050/10062 tasks (20.4%)
2025-11-17 02:59:55,766 - INFO - Completed 2100/10062 tasks (20.9%)
2025-11-17 03:00:11,485 - INFO - Completed 2150/10062 tasks (21.4%)
2025-11-17 03:00:26,330 - INFO - Completed 2200/10062 tasks (21.9%)
2025-11-17 03:00:41,908 - INFO - Completed 2250/10062 tasks (22.4%)
2025-11-17 03:00:57,155 - INFO - Completed 2300/10062 tasks (22.9%)
2025-11-17 03:01:13,140 - INFO - Completed 2350/10062 tasks (23.4%)
2025-11-17 03:01:28,496 - INFO - Completed 2400/10062 tasks (23.9%)
2025-11-17 03:01:43,646 - INFO - Completed 2450/10062 tasks (24.3%)
2025-11-17 03:01:58,987 - INFO - Completed 2500/10062 tasks (24.8%)
2025-11-17 03:02:14,023 - INFO - Completed 2550/10062 tasks (25.3%)
2025-11-17 03:02:28,962 - INFO - Completed 2600/10062 tasks (25.8%)
2025-11-17 03:02:44,052 - INFO - Completed 2650/10062 tasks (26.3%)
2025-11-17 03:02:58,501 - INFO - Completed 2700/10062 tasks (26.8%)
2025-11-17 03:03:13,830 - INFO - Completed 2750/10062 tasks (27.3%)
2025-11-17 03:03:30,114 - INFO - Completed 2800/10062 tasks (27.8%)
2025-11-17 03:03:44,212 - INFO - Completed 2850/10062 tasks (28.3%)
2025-11-17 03:03:59,125 - INFO - Completed 2900/10062 tasks (28.8%)
2025-11-17 03:04:13,344 - INFO - Completed 2950/10062 tasks (29.3%)
2025-11-17 03:04:27,912 - INFO - Completed 3000/10062 tasks (29.8%)
2025-11-17 03:04:43,564 - INFO - Completed 3050/10062 tasks (30.3%)
2025-11-17 03:04:58,206 - INFO - Completed 3100/10062 tasks (30.8%)
2025-11-17 03:05:12,947 - INFO - Completed 3150/10062 tasks (31.3%)
2025-11-17 03:05:28,210 - INFO - Completed 3200/10062 tasks (31.8%)
2025-11-17 03:05:43,424 - INFO - Completed 3250/10062 tasks (32.3%)
2025-11-17 03:05:59,951 - INFO - Completed 3300/10062 tasks (32.8%)
2025-11-17 03:06:14,671 - INFO - Completed 3350/10062 tasks (33.3%)
2025-11-17 03:06:30,336 - INFO - Completed 3400/10062 tasks (33.8%)
2025-11-17 03:06:51,873 - INFO - Completed 3450/10062 tasks (34.3%)
2025-11-17 03:07:07,767 - INFO - Completed 3500/10062 tasks (34.8%)
2025-11-17 03:07:22,275 - INFO - Completed 3550/10062 tasks (35.3%)
2025-11-17 03:07:38,138 - INFO - Completed 3600/10062 tasks (35.8%)
2025-11-17 03:07:53,141 - INFO - Completed 3650/10062 tasks (36.3%)
2025-11-17 03:08:14,724 - INFO - Completed 3700/10062 tasks (36.8%)
2025-11-17 03:08:30,876 - INFO - Completed 3750/10062 tasks (37.3%)
2025-11-17 03:08:45,714 - INFO - Completed 3800/10062 tasks (37.8%)
2025-11-17 03:09:00,916 - INFO - Completed 3850/10062 tasks (38.3%)
2025-11-17 03:09:15,414 - INFO - Completed 3900/10062 tasks (38.8%)
2025-11-17 03:09:31,246 - INFO - Completed 3950/10062 tasks (39.3%)
2025-11-17 03:09:47,333 - INFO - Completed 4000/10062 tasks (39.8%)
2025-11-17 03:10:01,603 - INFO - Completed 4050/10062 tasks (40.3%)
2025-11-17 03:10:16,351 - INFO - Completed 4100/10062 tasks (40.7%)
2025-11-17 03:10:31,914 - INFO - Completed 4150/10062 tasks (41.2%)
2025-11-17 03:10:47,030 - INFO - Completed 4200/10062 tasks (41.7%)
2025-11-17 03:11:02,421 - INFO - Completed 4250/10062 tasks (42.2%)
2025-11-17 03:11:16,968 - INFO - Completed 4300/10062 tasks (42.7%)
2025-11-17 03:11:32,014 - INFO - Completed 4350/10062 tasks (43.2%)
2025-11-17 03:11:46,813 - INFO - Completed 4400/10062 tasks (43.7%)
2025-11-17 03:12:02,707 - INFO - Completed 4450/10062 tasks (44.2%)
2025-11-17 03:12:18,307 - INFO - Completed 4500/10062 tasks (44.7%)
2025-11-17 03:12:33,233 - INFO - Completed 4550/10062 tasks (45.2%)
2025-11-17 03:12:48,912 - INFO - Completed 4600/10062 tasks (45.7%)
2025-11-17 03:13:04,193 - INFO - Completed 4650/10062 tasks (46.2%)
2025-11-17 03:13:18,880 - INFO - Completed 4700/10062 tasks (46.7%)
2025-11-17 03:13:33,615 - INFO - Completed 4750/10062 tasks (47.2%)
2025-11-17 03:13:49,441 - INFO - Completed 4800/10062 tasks (47.7%)
2025-11-17 03:14:03,738 - INFO - Completed 4850/10062 tasks (48.2%)
2025-11-17 03:14:18,825 - INFO - Completed 4900/10062 tasks (48.7%)
2025-11-17 03:14:33,778 - INFO - Completed 4950/10062 tasks (49.2%)
2025-11-17 03:14:47,912 - INFO - Completed 5000/10062 tasks (49.7%)
2025-11-17 03:15:02,537 - INFO - Completed 5050/10062 tasks (50.2%)
2025-11-17 03:15:18,266 - INFO - Completed 5100/10062 tasks (50.7%)
2025-11-17 03:15:45,474 - INFO - Completed 5150/10062 tasks (51.2%)
2025-11-17 03:16:00,796 - INFO - Completed 5200/10062 tasks (51.7%)
2025-11-17 03:16:17,278 - INFO - Completed 5250/10062 tasks (52.2%)
2025-11-17 03:16:32,915 - INFO - Completed 5300/10062 tasks (52.7%)
2025-11-17 03:16:47,081 - INFO - Completed 5350/10062 tasks (53.2%)
2025-11-17 03:17:01,163 - INFO - Completed 5400/10062 tasks (53.7%)
2025-11-17 03:17:15,123 - INFO - Completed 5450/10062 tasks (54.2%)
2025-11-17 03:17:30,522 - INFO - Completed 5500/10062 tasks (54.7%)
2025-11-17 03:17:45,990 - INFO - Completed 5550/10062 tasks (55.2%)
2025-11-17 03:18:00,833 - INFO - Completed 5600/10062 tasks (55.7%)
2025-11-17 03:18:16,020 - INFO - Completed 5650/10062 tasks (56.2%)
2025-11-17 03:18:30,327 - INFO - Completed 5700/10062 tasks (56.6%)
2025-11-17 03:18:44,562 - INFO - Completed 5750/10062 tasks (57.1%)
2025-11-17 03:18:58,948 - INFO - Completed 5800/10062 tasks (57.6%)
2025-11-17 03:19:13,396 - INFO - Completed 5850/10062 tasks (58.1%)
2025-11-17 03:19:28,109 - INFO - Completed 5900/10062 tasks (58.6%)
2025-11-17 03:19:41,452 - INFO - Completed 5950/10062 tasks (59.1%)
2025-11-17 03:19:56,117 - INFO - Completed 6000/10062 tasks (59.6%)
2025-11-17 03:20:10,579 - INFO - Completed 6050/10062 tasks (60.1%)
2025-11-17 03:20:24,320 - INFO - Completed 6100/10062 tasks (60.6%)
2025-11-17 03:20:38,891 - INFO - Completed 6150/10062 tasks (61.1%)
2025-11-17 03:20:53,481 - INFO - Completed 6200/10062 tasks (61.6%)
2025-11-17 03:21:07,956 - INFO - Completed 6250/10062 tasks (62.1%)
2025-11-17 03:21:22,565 - INFO - Completed 6300/10062 tasks (62.6%)
2025-11-17 03:21:43,158 - INFO - Completed 6350/10062 tasks (63.1%)
2025-11-17 03:21:59,019 - INFO - Completed 6400/10062 tasks (63.6%)
2025-11-17 03:22:14,081 - INFO - Completed 6450/10062 tasks (64.1%)
2025-11-17 03:22:28,272 - INFO - Completed 6500/10062 tasks (64.6%)
2025-11-17 03:22:42,614 - INFO - Completed 6550/10062 tasks (65.1%)
2025-11-17 03:23:04,048 - INFO - Completed 6600/10062 tasks (65.6%)
2025-11-17 03:23:18,091 - INFO - Completed 6650/10062 tasks (66.1%)
2025-11-17 03:23:33,064 - INFO - Completed 6700/10062 tasks (66.6%)
2025-11-17 03:23:48,309 - INFO - Completed 6750/10062 tasks (67.1%)
2025-11-17 03:24:02,656 - INFO - Completed 6800/10062 tasks (67.6%)
2025-11-17 03:24:20,683 - INFO - Completed 6850/10062 tasks (68.1%)
2025-11-17 03:24:36,569 - INFO - Completed 6900/10062 tasks (68.6%)
2025-11-17 03:24:52,998 - INFO - Completed 6950/10062 tasks (69.1%)
2025-11-17 03:25:09,050 - INFO - Completed 7000/10062 tasks (69.6%)
2025-11-17 03:25:25,460 - INFO - Completed 7050/10062 tasks (70.1%)
2025-11-17 03:25:40,763 - INFO - Completed 7100/10062 tasks (70.6%)
2025-11-17 03:25:57,657 - INFO - Completed 7150/10062 tasks (71.1%)
2025-11-17 03:26:14,198 - INFO - Completed 7200/10062 tasks (71.6%)
2025-11-17 03:26:28,992 - INFO - Completed 7250/10062 tasks (72.1%)
2025-11-17 03:26:45,223 - INFO - Completed 7300/10062 tasks (72.6%)
2025-11-17 03:27:00,299 - INFO - Completed 7350/10062 tasks (73.0%)
2025-11-17 03:27:15,644 - INFO - Completed 7400/10062 tasks (73.5%)
2025-11-17 03:27:30,940 - INFO - Completed 7450/10062 tasks (74.0%)
2025-11-17 03:27:46,871 - INFO - Completed 7500/10062 tasks (74.5%)
2025-11-17 03:28:02,370 - INFO - Completed 7550/10062 tasks (75.0%)
2025-11-17 03:28:17,393 - INFO - Completed 7600/10062 tasks (75.5%)
2025-11-17 03:28:32,187 - INFO - Completed 7650/10062 tasks (76.0%)
2025-11-17 03:28:46,476 - INFO - Completed 7700/10062 tasks (76.5%)
2025-11-17 03:29:02,188 - INFO - Completed 7750/10062 tasks (77.0%)
2025-11-17 03:29:16,854 - INFO - Completed 7800/10062 tasks (77.5%)
2025-11-17 03:29:31,939 - INFO - Completed 7850/10062 tasks (78.0%)
2025-11-17 03:29:46,640 - INFO - Completed 7900/10062 tasks (78.5%)
2025-11-17 03:30:02,824 - INFO - Completed 7950/10062 tasks (79.0%)
2025-11-17 03:30:19,349 - INFO - Completed 8000/10062 tasks (79.5%)
2025-11-17 03:30:34,259 - INFO - Completed 8050/10062 tasks (80.0%)
2025-11-17 03:30:48,841 - INFO - Completed 8100/10062 tasks (80.5%)
2025-11-17 03:31:04,095 - INFO - Completed 8150/10062 tasks (81.0%)
2025-11-17 03:31:18,387 - INFO - Completed 8200/10062 tasks (81.5%)
2025-11-17 03:31:32,354 - INFO - Completed 8250/10062 tasks (82.0%)
2025-11-17 03:31:46,496 - INFO - Completed 8300/10062 tasks (82.5%)
2025-11-17 03:32:01,062 - INFO - Completed 8350/10062 tasks (83.0%)
2025-11-17 03:32:15,286 - INFO - Completed 8400/10062 tasks (83.5%)
2025-11-17 03:32:29,240 - INFO - Completed 8450/10062 tasks (84.0%)
2025-11-17 03:32:44,229 - INFO - Completed 8500/10062 tasks (84.5%)
2025-11-17 03:32:58,071 - INFO - Completed 8550/10062 tasks (85.0%)
2025-11-17 03:33:13,238 - INFO - Completed 8600/10062 tasks (85.5%)
2025-11-17 03:33:27,516 - INFO - Completed 8650/10062 tasks (86.0%)
2025-11-17 03:33:41,659 - INFO - Completed 8700/10062 tasks (86.5%)
2025-11-17 03:33:55,718 - INFO - Completed 8750/10062 tasks (87.0%)
2025-11-17 03:34:09,348 - INFO - Completed 8800/10062 tasks (87.5%)
2025-11-17 03:34:23,487 - INFO - Completed 8850/10062 tasks (88.0%)
2025-11-17 03:34:38,014 - INFO - Completed 8900/10062 tasks (88.5%)
2025-11-17 03:34:51,866 - INFO - Completed 8950/10062 tasks (88.9%)
2025-11-17 03:35:05,865 - INFO - Completed 9000/10062 tasks (89.4%)
2025-11-17 03:35:20,614 - INFO - Completed 9050/10062 tasks (89.9%)
2025-11-17 03:35:34,881 - INFO - Completed 9100/10062 tasks (90.4%)
2025-11-17 03:35:49,084 - INFO - Completed 9150/10062 tasks (90.9%)
2025-11-17 03:36:03,287 - INFO - Completed 9200/10062 tasks (91.4%)
2025-11-17 03:36:17,543 - INFO - Completed 9250/10062 tasks (91.9%)
2025-11-17 03:36:32,702 - INFO - Completed 9300/10062 tasks (92.4%)
2025-11-17 03:36:54,916 - INFO - Completed 9350/10062 tasks (92.9%)
2025-11-17 03:37:09,015 - INFO - Completed 9400/10062 tasks (93.4%)
2025-11-17 03:37:24,414 - INFO - Completed 9450/10062 tasks (93.9%)
2025-11-17 03:37:40,269 - INFO - Completed 9500/10062 tasks (94.4%)
2025-11-17 03:37:55,641 - INFO - Completed 9550/10062 tasks (94.9%)
2025-11-17 03:38:17,368 - INFO - Completed 9600/10062 tasks (95.4%)
2025-11-17 03:38:32,612 - INFO - Completed 9650/10062 tasks (95.9%)
2025-11-17 03:38:47,259 - INFO - Completed 9700/10062 tasks (96.4%)
2025-11-17 03:39:01,419 - INFO - Completed 9750/10062 tasks (96.9%)
2025-11-17 03:39:16,298 - INFO - Completed 9800/10062 tasks (97.4%)
2025-11-17 03:39:31,088 - INFO - Completed 9850/10062 tasks (97.9%)
2025-11-17 03:39:45,771 - INFO - Completed 9900/10062 tasks (98.4%)
2025-11-17 03:40:01,088 - INFO - Completed 9950/10062 tasks (98.9%)
2025-11-17 03:40:15,398 - INFO - Completed 10000/10062 tasks (99.4%)
2025-11-17 03:40:30,479 - INFO - Completed 10050/10062 tasks (99.9%)
2025-11-17 03:40:33,651 - INFO - Processing complete: 10062 completed, 0 failed
2025-11-17 03:40:33,652 - INFO - Combining all data...
2025-11-17 03:40:34,318 - INFO - Processing and cleaning data...
2025-11-17 03:40:54,365 - INFO - Collection complete!
2025-11-17 03:40:54,365 - INFO - Total records: 6,780,240
2025-11-17 03:40:54,457 - INFO - Unique sites: 258
2025-11-17 03:40:54,548 - INFO - Unique pollutants: 3
2025-11-17 03:40:54,548 - INFO - Processing time: 3100.3 seconds
2025-11-17 03:40:54,548 - INFO - Data saved to: data/raw/london_air_quality_2023_full.csv
2025-11-17 03:40:54,548 - INFO - Summary saved to: data/raw/collection_summary_2023.json
